<?xml version="1.0" encoding="UTF-8"?>
<testsuite name="com.maya_steph.virusdefense.VirusTest" tests="6" skipped="0" failures="0" errors="0" timestamp="2025-11-04T21:13:32.513Z" hostname="MacBook-Pro-524.local" time="0.002">
  <properties/>
  <testcase name="testVirusInitialization()" classname="com.maya_steph.virusdefense.VirusTest" time="0.0"/>
  <testcase name="testVirusFallsDown()" classname="com.maya_steph.virusdefense.VirusTest" time="0.0"/>
  <testcase name="testDifferentSpeeds()" classname="com.maya_steph.virusdefense.VirusTest" time="0.001"/>
  <testcase name="testUpdate()" classname="com.maya_steph.virusdefense.VirusTest" time="0.0"/>
  <testcase name="testUpdateMultipleTimes()" classname="com.maya_steph.virusdefense.VirusTest" time="0.0"/>
  <testcase name="testSetSpeed()" classname="com.maya_steph.virusdefense.VirusTest" time="0.001"/>
  <system-out><![CDATA[]]></system-out>
  <system-err><![CDATA[]]></system-err>
</testsuite>
